<?xml version="1.0" encoding="UTF-8"?>
<testng-results ignored="0" total="3" passed="3" failed="0" skipped="0">
  <reporter-output>
  </reporter-output>
  <suite started-at="2024-02-02T11:19:26 IST" name="Default suite" finished-at="2024-02-02T11:19:26 IST" duration-ms="49">
    <groups>
      <group name="smoke">
        <method signature="TestNG3.WeblogincarLoan()[pri:0, instance:TestNG_Basics.TestNG3@a3d8174]" name="WeblogincarLoan" class="TestNG_Basics.TestNG3"/>
      </group> <!-- smoke -->
    </groups>
    <test started-at="2024-02-02T11:19:26 IST" name="Default test" finished-at="2024-02-02T11:19:26 IST" duration-ms="49">
      <class name="TestNG_Basics.TestNG3">
        <test-method signature="Mobileloginloan()[pri:0, instance:TestNG_Basics.TestNG3@a3d8174]" started-at="2024-02-02T11:19:26 IST" name="Mobileloginloan" finished-at="2024-02-02T11:19:26 IST" duration-ms="10" status="PASS">
          <reporter-output>
          </reporter-output>
        </test-method> <!-- Mobileloginloan -->
        <test-method signature="WeblogincarLoan()[pri:0, instance:TestNG_Basics.TestNG3@a3d8174]" started-at="2024-02-02T11:19:26 IST" name="WeblogincarLoan" finished-at="2024-02-02T11:19:26 IST" duration-ms="1" status="PASS">
          <reporter-output>
          </reporter-output>
        </test-method> <!-- WeblogincarLoan -->
        <test-method signature="loginAPIloan()[pri:0, instance:TestNG_Basics.TestNG3@a3d8174]" started-at="2024-02-02T11:19:26 IST" name="loginAPIloan" finished-at="2024-02-02T11:19:26 IST" duration-ms="0" status="PASS">
          <reporter-output>
          </reporter-output>
        </test-method> <!-- loginAPIloan -->
      </class> <!-- TestNG_Basics.TestNG3 -->
    </test> <!-- Default test -->
  </suite> <!-- Default suite -->
</testng-results>
