<?xml version="1.0" encoding="UTF-8"?>
<!-- Generated by org.testng.reporters.JUnitXMLReporter -->
<testsuite ignored="0" hostname="HP-PAVILION" failures="0" tests="3" name="Default test" time="0.049" errors="0" timestamp="2024-02-02T11:19:26 IST">
  <testcase classname="TestNG_Basics.TestNG3" name="Mobileloginloan" time="0.01"/>
  <testcase classname="TestNG_Basics.TestNG3" name="WeblogincarLoan" time="0.001"/>
  <testcase classname="TestNG_Basics.TestNG3" name="loginAPIloan" time="0.0"/>
</testsuite> <!-- Default test -->
