<?xml version="1.0" encoding="UTF-8"?>
<!-- Generated by org.testng.reporters.JUnitXMLReporter -->
<testsuite ignored="0" hostname="HP-PAVILION" failures="0" tests="3" name="Car Loan" time="0.008" errors="0" timestamp="2024-02-01T12:33:35 IST">
  <testcase classname="TestNG_Basics.TestNG3" name="Mobileloginloan" time="0.0"/>
  <testcase classname="TestNG_Basics.TestNG3" name="WeblogincarLoan" time="0.002"/>
  <testcase classname="TestNG_Basics.TestNG3" name="loginAPIloan" time="0.002"/>
</testsuite> <!-- Car Loan -->
