<?xml version="1.0" encoding="UTF-8"?>
<!-- Generated by org.testng.reporters.JUnitXMLReporter -->
<testsuite ignored="0" hostname="HP-PAVILION" failures="0" tests="3" name="Home Loan" time="0.006" errors="0" timestamp="2024-02-01T12:04:28 IST">
  <testcase classname="TestNG_Basics.TestNG4" name="MobileloginHomeloan" time="0.0"/>
  <testcase classname="TestNG_Basics.TestNG4" name="WebloginHomeLoan" time="0.0"/>
  <testcase classname="TestNG_Basics.TestNG4" name="loginAPIHomeloan" time="0.001"/>
</testsuite> <!-- Home Loan -->
