<?xml version="1.0" encoding="UTF-8"?>
<!-- Generated by org.testng.reporters.JUnitXMLReporter -->
<testsuite ignored="0" hostname="HP-PAVILION" failures="0" tests="9" name="Personal Loan" time="0.06" errors="0" timestamp="2024-02-02T11:14:10 IST">
  <testcase classname="TestNG_Basics.TestNG_Basics" name="Demo" time="0.005"/>
  <testcase classname="TestNG_Basics.Basic2" name="Basic" time="0.001"/>
  <testcase classname="TestNG_Basics.Basic2" name="Demo1" time="0.001"/>
  <testcase classname="TestNG_Basics.TestNG3" name="Mobileloginloan" time="0.001"/>
  <testcase classname="TestNG_Basics.TestNG3" name="WeblogincarLoan" time="0.0"/>
  <testcase classname="TestNG_Basics.TestNG3" name="loginAPIloan" time="0.002"/>
  <testcase classname="TestNG_Basics.TestNG4" name="MobileloginAPIHomeloan" time="0.002"/>
  <testcase classname="TestNG_Basics.TestNG4" name="MobileloginHomeLoan" time="0.001"/>
  <testcase classname="TestNG_Basics.TestNG4" name="MobileloginHomeloan" time="0.001"/>
</testsuite> <!-- Personal Loan -->
